<?xml version="1.0" encoding="UTF-8"?>
<testsuite name="Búsqueda de Bolsas en Bolsas y Empaques Colombia" tests="8" skipped="0" failures="0" errors="0" timestamp="2025-06-03T00:02:01" hostname="LAPTOP-B617S75N" time="81.36">
  <properties/>
  <testcase name="Búsqueda simple de bolsas" classname="Búsqueda de Bolsas en Bolsas y Empaques Colombia" time="15.558"/>
  <testcase name="Búsqueda compleja con validaciones avanzadas" classname="Búsqueda de Bolsas en Bolsas y Empaques Colombia" time="11.671"/>
  <testcase name="Búsqueda con campo vacío" classname="Búsqueda de Bolsas en Bolsas y Empaques Colombia" time="8.772"/>
  <testcase name="Búsquedas con diferentes términos relacionados #1" classname="Búsqueda de Bolsas en Bolsas y Empaques Colombia" time="8.181"/>
  <testcase name="Búsquedas con diferentes términos relacionados #2" classname="Búsqueda de Bolsas en Bolsas y Empaques Colombia" time="8.87"/>
  <testcase name="Búsquedas con diferentes términos relacionados #3" classname="Búsqueda de Bolsas en Bolsas y Empaques Colombia" time="8.524"/>
  <testcase name="Búsquedas con diferentes términos relacionados #4" classname="Búsqueda de Bolsas en Bolsas y Empaques Colombia" time="7.942"/>
  <testcase name="Añadir un producto al carrito desde los resultados de búsqueda" classname="Búsqueda de Bolsas en Bolsas y Empaques Colombia" time="11.835"/>
  <system-out><![CDATA[
@busqueda_bolsas @busqueda_simple @smoke
Escenario: Búsqueda simple de bolsas                                            ?[90m# src/test/resources/features/busqueda_bolsas.feature:12?[0m
  ?[32mDado ?[0m?[32mque el usuario está en la página principal de Bolsas y Empaques Colombia?[0m ?[90m# stepsDefinition.BusquedaBolsasStepDefinitions.queElUsuarioEstaEnLaPaginaPrincipal()?[0m
  ?[32mCuando ?[0m?[32mel usuario busca ?[0m?[32m?[1m"bolsas"?[0m                                              ?[90m# stepsDefinition.BusquedaBolsasStepDefinitions.elUsuarioBusca(java.lang.String)?[0m
  ?[32mEntonces ?[0m?[32mdebería ver resultados de búsqueda?[0m                                   ?[90m# stepsDefinition.BusquedaBolsasStepDefinitions.deberiaVerResultadosDeBusqueda()?[0m
  ?[32mY ?[0m?[32mdebería ver productos relacionados con ?[0m?[32m?[1m"bolsas"?[0m                             ?[90m# stepsDefinition.BusquedaBolsasStepDefinitions.deberiaVerProductosRelacionadosCon(java.lang.String)?[0m
  ?[32mY ?[0m?[32mdebería ver al menos ?[0m?[32m?[1m1?[0m?[32m productos en los resultados?[0m                          ?[90m# stepsDefinition.BusquedaBolsasStepDefinitions.deberiaVerAlMenosProductosEnLosResultados(int)?[0m
  ?[32mY ?[0m?[32mno debería ver mensaje de sin resultados?[0m                                    ?[90m# stepsDefinition.BusquedaBolsasStepDefinitions.noDeberiaVerMensajeDeSinResultados()?[0m

@busqueda_bolsas @busqueda_compleja @regression
Escenario: Búsqueda compleja con validaciones avanzadas                         ?[90m# src/test/resources/features/busqueda_bolsas.feature:20?[0m
  ?[32mDado ?[0m?[32mque el usuario está en la página principal de Bolsas y Empaques Colombia?[0m ?[90m# stepsDefinition.BusquedaBolsasStepDefinitions.queElUsuarioEstaEnLaPaginaPrincipal()?[0m
  ?[32mCuando ?[0m?[32mel usuario busca ?[0m?[32m?[1m"bolsas plasticas"?[0m                                    ?[90m# stepsDefinition.BusquedaBolsasStepDefinitions.elUsuarioBusca(java.lang.String)?[0m
  ?[32mEntonces ?[0m?[32mdebería ver resultados de búsqueda?[0m                                   ?[90m# stepsDefinition.BusquedaBolsasStepDefinitions.deberiaVerResultadosDeBusqueda()?[0m
  ?[32mY ?[0m?[32mdebería ver productos relacionados con ?[0m?[32m?[1m"bolsas"?[0m                             ?[90m# stepsDefinition.BusquedaBolsasStepDefinitions.deberiaVerProductosRelacionadosCon(java.lang.String)?[0m
  ?[32mY ?[0m?[32mdebería ver al menos ?[0m?[32m?[1m5?[0m?[32m productos en los resultados?[0m                          ?[90m# stepsDefinition.BusquedaBolsasStepDefinitions.deberiaVerAlMenosProductosEnLosResultados(int)?[0m
  ?[32mY ?[0m?[32mno debería ver mensaje de sin resultados?[0m                                    ?[90m# stepsDefinition.BusquedaBolsasStepDefinitions.noDeberiaVerMensajeDeSinResultados()?[0m

@busqueda_bolsas @busqueda_vacia @edge_case
Escenario: Búsqueda con campo vacío                                             ?[90m# src/test/resources/features/busqueda_bolsas.feature:30?[0m
  ?[32mDado ?[0m?[32mque el usuario está en la página principal de Bolsas y Empaques Colombia?[0m ?[90m# stepsDefinition.BusquedaBolsasStepDefinitions.queElUsuarioEstaEnLaPaginaPrincipal()?[0m
  ?[32mCuando ?[0m?[32mel usuario realiza una búsqueda vacía?[0m                                  ?[90m# stepsDefinition.BusquedaBolsasStepDefinitions.elUsuarioRealizaUnaBusquedaVacia()?[0m
  ?[32mEntonces ?[0m?[32mel sistema debería manejar la búsqueda apropiadamente?[0m                ?[90m# stepsDefinition.BusquedaBolsasStepDefinitions.elSistemaDeberiaManejarLaBusquedaApropiadamente()?[0m

@busqueda_bolsas @busqueda_variaciones @regression
Esquema del escenario: Búsquedas con diferentes términos relacionados           ?[90m# src/test/resources/features/busqueda_bolsas.feature:43?[0m
  ?[32mDado ?[0m?[32mque el usuario está en la página principal de Bolsas y Empaques Colombia?[0m ?[90m# stepsDefinition.BusquedaBolsasStepDefinitions.queElUsuarioEstaEnLaPaginaPrincipal()?[0m
  ?[32mCuando ?[0m?[32mel usuario busca ?[0m?[32m?[1m"bolsas plasticas"?[0m                                    ?[90m# stepsDefinition.BusquedaBolsasStepDefinitions.elUsuarioBusca(java.lang.String)?[0m
  ?[32mEntonces ?[0m?[32mdebería ver resultados de búsqueda?[0m                                   ?[90m# stepsDefinition.BusquedaBolsasStepDefinitions.deberiaVerResultadosDeBusqueda()?[0m
  ?[32mY ?[0m?[32mdebería ver productos relacionados con ?[0m?[32m?[1m"bolsas"?[0m                             ?[90m# stepsDefinition.BusquedaBolsasStepDefinitions.deberiaVerProductosRelacionadosCon(java.lang.String)?[0m
  ?[32mY ?[0m?[32mdebería ver al menos ?[0m?[32m?[1m1?[0m?[32m productos en los resultados?[0m                          ?[90m# stepsDefinition.BusquedaBolsasStepDefinitions.deberiaVerAlMenosProductosEnLosResultados(int)?[0m

@busqueda_bolsas @busqueda_variaciones @regression
Esquema del escenario: Búsquedas con diferentes términos relacionados           ?[90m# src/test/resources/features/busqueda_bolsas.feature:44?[0m
  ?[32mDado ?[0m?[32mque el usuario está en la página principal de Bolsas y Empaques Colombia?[0m ?[90m# stepsDefinition.BusquedaBolsasStepDefinitions.queElUsuarioEstaEnLaPaginaPrincipal()?[0m
  ?[32mCuando ?[0m?[32mel usuario busca ?[0m?[32m?[1m"bolsas papel"?[0m                                        ?[90m# stepsDefinition.BusquedaBolsasStepDefinitions.elUsuarioBusca(java.lang.String)?[0m
  ?[32mEntonces ?[0m?[32mdebería ver resultados de búsqueda?[0m                                   ?[90m# stepsDefinition.BusquedaBolsasStepDefinitions.deberiaVerResultadosDeBusqueda()?[0m
  ?[32mY ?[0m?[32mdebería ver productos relacionados con ?[0m?[32m?[1m"bolsas"?[0m                             ?[90m# stepsDefinition.BusquedaBolsasStepDefinitions.deberiaVerProductosRelacionadosCon(java.lang.String)?[0m
  ?[32mY ?[0m?[32mdebería ver al menos ?[0m?[32m?[1m1?[0m?[32m productos en los resultados?[0m                          ?[90m# stepsDefinition.BusquedaBolsasStepDefinitions.deberiaVerAlMenosProductosEnLosResultados(int)?[0m

@busqueda_bolsas @busqueda_variaciones @regression
Esquema del escenario: Búsquedas con diferentes términos relacionados           ?[90m# src/test/resources/features/busqueda_bolsas.feature:45?[0m
  ?[32mDado ?[0m?[32mque el usuario está en la página principal de Bolsas y Empaques Colombia?[0m ?[90m# stepsDefinition.BusquedaBolsasStepDefinitions.queElUsuarioEstaEnLaPaginaPrincipal()?[0m
  ?[32mCuando ?[0m?[32mel usuario busca ?[0m?[32m?[1m"bolsas biodegradables"?[0m                               ?[90m# stepsDefinition.BusquedaBolsasStepDefinitions.elUsuarioBusca(java.lang.String)?[0m
  ?[32mEntonces ?[0m?[32mdebería ver resultados de búsqueda?[0m                                   ?[90m# stepsDefinition.BusquedaBolsasStepDefinitions.deberiaVerResultadosDeBusqueda()?[0m
  ?[32mY ?[0m?[32mdebería ver productos relacionados con ?[0m?[32m?[1m"bolsas"?[0m                             ?[90m# stepsDefinition.BusquedaBolsasStepDefinitions.deberiaVerProductosRelacionadosCon(java.lang.String)?[0m
  ?[32mY ?[0m?[32mdebería ver al menos ?[0m?[32m?[1m1?[0m?[32m productos en los resultados?[0m                          ?[90m# stepsDefinition.BusquedaBolsasStepDefinitions.deberiaVerAlMenosProductosEnLosResultados(int)?[0m

@busqueda_bolsas @busqueda_variaciones @regression
Esquema del escenario: Búsquedas con diferentes términos relacionados           ?[90m# src/test/resources/features/busqueda_bolsas.feature:46?[0m
  ?[32mDado ?[0m?[32mque el usuario está en la página principal de Bolsas y Empaques Colombia?[0m ?[90m# stepsDefinition.BusquedaBolsasStepDefinitions.queElUsuarioEstaEnLaPaginaPrincipal()?[0m
  ?[32mCuando ?[0m?[32mel usuario busca ?[0m?[32m?[1m"empaques"?[0m                                            ?[90m# stepsDefinition.BusquedaBolsasStepDefinitions.elUsuarioBusca(java.lang.String)?[0m
  ?[32mEntonces ?[0m?[32mdebería ver resultados de búsqueda?[0m                                   ?[90m# stepsDefinition.BusquedaBolsasStepDefinitions.deberiaVerResultadosDeBusqueda()?[0m
  ?[32mY ?[0m?[32mdebería ver productos relacionados con ?[0m?[32m?[1m"empaques"?[0m                           ?[90m# stepsDefinition.BusquedaBolsasStepDefinitions.deberiaVerProductosRelacionadosCon(java.lang.String)?[0m
  ?[32mY ?[0m?[32mdebería ver al menos ?[0m?[32m?[1m1?[0m?[32m productos en los resultados?[0m                          ?[90m# stepsDefinition.BusquedaBolsasStepDefinitions.deberiaVerAlMenosProductosEnLosResultados(int)?[0m

@busqueda_bolsas @busqueda_bolsas @agregar_carrito @smoke
Escenario: Añadir un producto al carrito desde los resultados de búsqueda       ?[90m# src/test/resources/features/busqueda_bolsas.feature:50?[0m
  ?[32mDado ?[0m?[32mque el usuario está en la página principal de Bolsas y Empaques Colombia?[0m ?[90m# stepsDefinition.BusquedaBolsasStepDefinitions.queElUsuarioEstaEnLaPaginaPrincipal()?[0m
  ?[32mDado ?[0m?[32mque el usuario está en la página principal de Bolsas y Empaques Colombia?[0m ?[90m# stepsDefinition.BusquedaBolsasStepDefinitions.queElUsuarioEstaEnLaPaginaPrincipal()?[0m
  ?[32mCuando ?[0m?[32mel usuario busca ?[0m?[32m?[1m"bolsas"?[0m                                              ?[90m# stepsDefinition.BusquedaBolsasStepDefinitions.elUsuarioBusca(java.lang.String)?[0m
  ?[32mY ?[0m?[32mselecciona el primer producto de la lista?[0m                                   ?[90m# stepsDefinition.BusquedaBolsasStepDefinitions.seleccionaElPrimerProductoDeLaLista()?[0m
  ?[32mY ?[0m?[32mhace clic en el botón ?[0m?[32m?[1m"Añadir al carrito"?[0m                                   ?[90m# stepsDefinition.BusquedaBolsasStepDefinitions.haceClicEnElBoton(java.lang.String)?[0m
  ?[32mY ?[0m?[32mel icono del carrito debería mostrar la cantidad actualizada?[0m                ?[90m# stepsDefinition.BusquedaBolsasStepDefinitions.elIconoDelCarritoDeberiaMostrarLaCantidadActualizada()?[0m
]]></system-out>
  <system-err><![CDATA[[Test worker] INFO  - 
  _____   ___   ___   _____     ___   _____     _     ___   _____   ___   ___  
 |_   _| | __| / __| |_   _|   / __| |_   _|   /_\   | _ \ |_   _| | __| |   \ 
   | |   | _|  \__ \   | |     \__ \   | |    / _ \  |   /   | |   | _|  | |) |
   |_|   |___| |___/   |_|     |___/   |_|   /_/ \_\ |_|_\   |_|   |___| |___/ 

Búsqueda simple de bolsas(búsqueda-de-bolsas-en-bolsas-y-empaques-colombia;búsqueda-simple-de-bolsas)
--------------------------------------------------------------------------------
[Test worker] INFO net.serenitybdd.core.webdriver.driverproviders.ChromeDriverProvider - Starting Chrome driver instance with capabilities:
[Test worker] INFO net.serenitybdd.core.webdriver.driverproviders.ChromeDriverProvider - Capabilities {acceptInsecureCerts: false, browserName: chrome, goog:chromeOptions: {args: [remote-allow-origins=*], extensions: []}}
jun. 02, 2025 7:02:02 P. M. org.openqa.selenium.remote.service.DriverService$Builder getLogOutput
INFORMACIÓN: Driver logs no longer sent to console by default; https://www.selenium.dev/documentation/webdriver/drivers/service/#setting-log-output
jun. 02, 2025 7:02:04 P. M. org.openqa.selenium.devtools.CdpVersionFinder findNearestMatch
ADVERTENCIA: Unable to find CDP implementation matching 136
jun. 02, 2025 7:02:04 P. M. org.openqa.selenium.chromium.ChromiumDriver lambda$new$4
ADVERTENCIA: Unable to find version of CDP to use for . You may need to include a dependency on a specific version of the CDP using something similar to `org.seleniumhq.selenium:selenium-devtools-v86:4.10.0` where the version ("v86") matches the version of the chromium-based browser you're using and the version number of the artifact is the same as Selenium's.
[Test worker] INFO  - 
  _____   ___   ___   _____     ___     _     ___   ___   ___   ___  
 |_   _| | __| / __| |_   _|   | _ \   /_\   / __| / __| | __| |   \ 
   | |   | _|  \__ \   | |     |  _/  / _ \  \__ \ \__ \ | _|  | |) |
   |_|   |___| |___/   |_|     |_|   /_/ \_\ |___/ |___/ |___| |___/ 

Búsqueda simple de bolsas
----------------------------------------------------------------------
[Test worker] INFO  - 
  _____   ___   ___   _____     ___   _____     _     ___   _____   ___   ___  
 |_   _| | __| / __| |_   _|   / __| |_   _|   /_\   | _ \ |_   _| | __| |   \ 
   | |   | _|  \__ \   | |     \__ \   | |    / _ \  |   /   | |   | _|  | |) |
   |_|   |___| |___/   |_|     |___/   |_|   /_/ \_\ |_|_\   |_|   |___| |___/ 

Búsqueda compleja con validaciones avanzadas(búsqueda-de-bolsas-en-bolsas-y-empaques-colombia;búsqueda-compleja-con-validaciones-avanzadas)
--------------------------------------------------------------------------------
[Test worker] INFO net.serenitybdd.core.webdriver.driverproviders.ChromeDriverProvider - Starting Chrome driver instance with capabilities:
[Test worker] INFO net.serenitybdd.core.webdriver.driverproviders.ChromeDriverProvider - Capabilities {acceptInsecureCerts: false, browserName: chrome, goog:chromeOptions: {args: [remote-allow-origins=*], extensions: []}}
jun. 02, 2025 7:02:17 P. M. org.openqa.selenium.remote.service.DriverService$Builder getLogOutput
INFORMACIÓN: Driver logs no longer sent to console by default; https://www.selenium.dev/documentation/webdriver/drivers/service/#setting-log-output
jun. 02, 2025 7:02:18 P. M. org.openqa.selenium.devtools.CdpVersionFinder findNearestMatch
ADVERTENCIA: Unable to find CDP implementation matching 136
jun. 02, 2025 7:02:18 P. M. org.openqa.selenium.chromium.ChromiumDriver lambda$new$4
ADVERTENCIA: Unable to find version of CDP to use for . You may need to include a dependency on a specific version of the CDP using something similar to `org.seleniumhq.selenium:selenium-devtools-v86:4.10.0` where the version ("v86") matches the version of the chromium-based browser you're using and the version number of the artifact is the same as Selenium's.
[Test worker] INFO  - 
  _____   ___   ___   _____     ___     _     ___   ___   ___   ___  
 |_   _| | __| / __| |_   _|   | _ \   /_\   / __| / __| | __| |   \ 
   | |   | _|  \__ \   | |     |  _/  / _ \  \__ \ \__ \ | _|  | |) |
   |_|   |___| |___/   |_|     |_|   /_/ \_\ |___/ |___/ |___| |___/ 

Búsqueda compleja con validaciones avanzadas
----------------------------------------------------------------------
[Test worker] INFO  - 
  _____   ___   ___   _____     ___   _____     _     ___   _____   ___   ___  
 |_   _| | __| / __| |_   _|   / __| |_   _|   /_\   | _ \ |_   _| | __| |   \ 
   | |   | _|  \__ \   | |     \__ \   | |    / _ \  |   /   | |   | _|  | |) |
   |_|   |___| |___/   |_|     |___/   |_|   /_/ \_\ |_|_\   |_|   |___| |___/ 

Búsqueda con campo vacío(búsqueda-de-bolsas-en-bolsas-y-empaques-colombia;búsqueda-con-campo-vacío)
--------------------------------------------------------------------------------
[Test worker] INFO net.serenitybdd.core.webdriver.driverproviders.ChromeDriverProvider - Starting Chrome driver instance with capabilities:
[Test worker] INFO net.serenitybdd.core.webdriver.driverproviders.ChromeDriverProvider - Capabilities {acceptInsecureCerts: false, browserName: chrome, goog:chromeOptions: {args: [remote-allow-origins=*], extensions: []}}
jun. 02, 2025 7:02:28 P. M. org.openqa.selenium.remote.service.DriverService$Builder getLogOutput
INFORMACIÓN: Driver logs no longer sent to console by default; https://www.selenium.dev/documentation/webdriver/drivers/service/#setting-log-output
jun. 02, 2025 7:02:30 P. M. org.openqa.selenium.devtools.CdpVersionFinder findNearestMatch
ADVERTENCIA: Unable to find CDP implementation matching 136
jun. 02, 2025 7:02:30 P. M. org.openqa.selenium.chromium.ChromiumDriver lambda$new$4
ADVERTENCIA: Unable to find version of CDP to use for . You may need to include a dependency on a specific version of the CDP using something similar to `org.seleniumhq.selenium:selenium-devtools-v86:4.10.0` where the version ("v86") matches the version of the chromium-based browser you're using and the version number of the artifact is the same as Selenium's.
[Test worker] INFO  - 
  _____   ___   ___   _____     ___     _     ___   ___   ___   ___  
 |_   _| | __| / __| |_   _|   | _ \   /_\   / __| / __| | __| |   \ 
   | |   | _|  \__ \   | |     |  _/  / _ \  \__ \ \__ \ | _|  | |) |
   |_|   |___| |___/   |_|     |_|   /_/ \_\ |___/ |___/ |___| |___/ 

Búsqueda con campo vacío
----------------------------------------------------------------------
[Test worker] INFO  - 
  _____   ___   ___   _____     ___   _____     _     ___   _____   ___   ___  
 |_   _| | __| / __| |_   _|   / __| |_   _|   /_\   | _ \ |_   _| | __| |   \ 
   | |   | _|  \__ \   | |     \__ \   | |    / _ \  |   /   | |   | _|  | |) |
   |_|   |___| |___/   |_|     |___/   |_|   /_/ \_\ |_|_\   |_|   |___| |___/ 

Búsquedas con diferentes términos relacionados(búsqueda-de-bolsas-en-bolsas-y-empaques-colombia;búsquedas-con-diferentes-términos-relacionados)
--------------------------------------------------------------------------------
[Test worker] INFO net.serenitybdd.core.webdriver.driverproviders.ChromeDriverProvider - Starting Chrome driver instance with capabilities:
[Test worker] INFO net.serenitybdd.core.webdriver.driverproviders.ChromeDriverProvider - Capabilities {acceptInsecureCerts: false, browserName: chrome, goog:chromeOptions: {args: [remote-allow-origins=*], extensions: []}}
jun. 02, 2025 7:02:37 P. M. org.openqa.selenium.remote.service.DriverService$Builder getLogOutput
INFORMACIÓN: Driver logs no longer sent to console by default; https://www.selenium.dev/documentation/webdriver/drivers/service/#setting-log-output
jun. 02, 2025 7:02:38 P. M. org.openqa.selenium.devtools.CdpVersionFinder findNearestMatch
ADVERTENCIA: Unable to find CDP implementation matching 136
jun. 02, 2025 7:02:38 P. M. org.openqa.selenium.chromium.ChromiumDriver lambda$new$4
ADVERTENCIA: Unable to find version of CDP to use for . You may need to include a dependency on a specific version of the CDP using something similar to `org.seleniumhq.selenium:selenium-devtools-v86:4.10.0` where the version ("v86") matches the version of the chromium-based browser you're using and the version number of the artifact is the same as Selenium's.
[Test worker] INFO  - 
  _____   ___   ___   _____     ___     _     ___   ___   ___   ___  
 |_   _| | __| / __| |_   _|   | _ \   /_\   / __| / __| | __| |   \ 
   | |   | _|  \__ \   | |     |  _/  / _ \  \__ \ \__ \ | _|  | |) |
   |_|   |___| |___/   |_|     |_|   /_/ \_\ |___/ |___/ |___| |___/ 

Búsquedas con diferentes términos relacionados
----------------------------------------------------------------------
[Test worker] INFO net.serenitybdd.core.webdriver.driverproviders.ChromeDriverProvider - Starting Chrome driver instance with capabilities:
[Test worker] INFO net.serenitybdd.core.webdriver.driverproviders.ChromeDriverProvider - Capabilities {acceptInsecureCerts: false, browserName: chrome, goog:chromeOptions: {args: [remote-allow-origins=*], extensions: []}}
jun. 02, 2025 7:02:45 P. M. org.openqa.selenium.remote.service.DriverService$Builder getLogOutput
INFORMACIÓN: Driver logs no longer sent to console by default; https://www.selenium.dev/documentation/webdriver/drivers/service/#setting-log-output
jun. 02, 2025 7:02:46 P. M. org.openqa.selenium.devtools.CdpVersionFinder findNearestMatch
ADVERTENCIA: Unable to find CDP implementation matching 136
jun. 02, 2025 7:02:46 P. M. org.openqa.selenium.chromium.ChromiumDriver lambda$new$4
ADVERTENCIA: Unable to find version of CDP to use for . You may need to include a dependency on a specific version of the CDP using something similar to `org.seleniumhq.selenium:selenium-devtools-v86:4.10.0` where the version ("v86") matches the version of the chromium-based browser you're using and the version number of the artifact is the same as Selenium's.
[Test worker] INFO  - 
  _____   ___   ___   _____     ___     _     ___   ___   ___   ___  
 |_   _| | __| / __| |_   _|   | _ \   /_\   / __| / __| | __| |   \ 
   | |   | _|  \__ \   | |     |  _/  / _ \  \__ \ \__ \ | _|  | |) |
   |_|   |___| |___/   |_|     |_|   /_/ \_\ |___/ |___/ |___| |___/ 

Búsquedas con diferentes términos relacionados
----------------------------------------------------------------------
[Test worker] INFO net.serenitybdd.core.webdriver.driverproviders.ChromeDriverProvider - Starting Chrome driver instance with capabilities:
[Test worker] INFO net.serenitybdd.core.webdriver.driverproviders.ChromeDriverProvider - Capabilities {acceptInsecureCerts: false, browserName: chrome, goog:chromeOptions: {args: [remote-allow-origins=*], extensions: []}}
jun. 02, 2025 7:02:54 P. M. org.openqa.selenium.remote.service.DriverService$Builder getLogOutput
INFORMACIÓN: Driver logs no longer sent to console by default; https://www.selenium.dev/documentation/webdriver/drivers/service/#setting-log-output
jun. 02, 2025 7:02:55 P. M. org.openqa.selenium.devtools.CdpVersionFinder findNearestMatch
ADVERTENCIA: Unable to find CDP implementation matching 136
jun. 02, 2025 7:02:55 P. M. org.openqa.selenium.chromium.ChromiumDriver lambda$new$4
ADVERTENCIA: Unable to find version of CDP to use for . You may need to include a dependency on a specific version of the CDP using something similar to `org.seleniumhq.selenium:selenium-devtools-v86:4.10.0` where the version ("v86") matches the version of the chromium-based browser you're using and the version number of the artifact is the same as Selenium's.
[Test worker] INFO net.serenitybdd.core.webdriver.driverproviders.ChromeDriverProvider - Starting Chrome driver instance with capabilities:
[Test worker] INFO net.serenitybdd.core.webdriver.driverproviders.ChromeDriverProvider - Capabilities {acceptInsecureCerts: false, browserName: chrome, goog:chromeOptions: {args: [remote-allow-origins=*], extensions: []}}
jun. 02, 2025 7:03:02 P. M. org.openqa.selenium.remote.service.DriverService$Builder getLogOutput
INFORMACIÓN: Driver logs no longer sent to console by default; https://www.selenium.dev/documentation/webdriver/drivers/service/#setting-log-output
jun. 02, 2025 7:03:03 P. M. org.openqa.selenium.devtools.CdpVersionFinder findNearestMatch
ADVERTENCIA: Unable to find CDP implementation matching 136
jun. 02, 2025 7:03:03 P. M. org.openqa.selenium.chromium.ChromiumDriver lambda$new$4
ADVERTENCIA: Unable to find version of CDP to use for . You may need to include a dependency on a specific version of the CDP using something similar to `org.seleniumhq.selenium:selenium-devtools-v86:4.10.0` where the version ("v86") matches the version of the chromium-based browser you're using and the version number of the artifact is the same as Selenium's.
[Test worker] INFO  - 
  _____   ___   ___   _____     ___   _____     _     ___   _____   ___   ___  
 |_   _| | __| / __| |_   _|   / __| |_   _|   /_\   | _ \ |_   _| | __| |   \ 
   | |   | _|  \__ \   | |     \__ \   | |    / _ \  |   /   | |   | _|  | |) |
   |_|   |___| |___/   |_|     |___/   |_|   /_/ \_\ |_|_\   |_|   |___| |___/ 

Añadir un producto al carrito desde los resultados de búsqueda(búsqueda-de-bolsas-en-bolsas-y-empaques-colombia;añadir-un-producto-al-carrito-desde-los-resultados-de-búsqueda)
--------------------------------------------------------------------------------
[Test worker] INFO net.serenitybdd.core.webdriver.driverproviders.ChromeDriverProvider - Starting Chrome driver instance with capabilities:
[Test worker] INFO net.serenitybdd.core.webdriver.driverproviders.ChromeDriverProvider - Capabilities {acceptInsecureCerts: false, browserName: chrome, goog:chromeOptions: {args: [remote-allow-origins=*], extensions: []}}
jun. 02, 2025 7:03:10 P. M. org.openqa.selenium.remote.service.DriverService$Builder getLogOutput
INFORMACIÓN: Driver logs no longer sent to console by default; https://www.selenium.dev/documentation/webdriver/drivers/service/#setting-log-output
jun. 02, 2025 7:03:12 P. M. org.openqa.selenium.devtools.CdpVersionFinder findNearestMatch
ADVERTENCIA: Unable to find CDP implementation matching 136
jun. 02, 2025 7:03:12 P. M. org.openqa.selenium.chromium.ChromiumDriver lambda$new$4
ADVERTENCIA: Unable to find version of CDP to use for . You may need to include a dependency on a specific version of the CDP using something similar to `org.seleniumhq.selenium:selenium-devtools-v86:4.10.0` where the version ("v86") matches the version of the chromium-based browser you're using and the version number of the artifact is the same as Selenium's.
[Test worker] INFO  - 
  _____   ___   ___   _____     ___     _     ___   ___   ___   ___  
 |_   _| | __| / __| |_   _|   | _ \   /_\   / __| / __| | __| |   \ 
   | |   | _|  \__ \   | |     |  _/  / _ \  \__ \ \__ \ | _|  | |) |
   |_|   |___| |___/   |_|     |_|   /_/ \_\ |___/ |___/ |___| |___/ 

Añadir un producto al carrito desde los resultados de búsqueda
----------------------------------------------------------------------
]]></system-err>
</testsuite>
